('Nested Loop  (cost=0.45..417381.14 rows=3333334 width=46) (actual time=25.775..2174.850 rows=4394737 loops=1)',)
('  Buffers: shared hit=3573 read=66941',)
('  ->  Seq Scan on empregados e  (cost=0.00..166942.03 rows=10000003 width=23) (actual time=0.130..502.701 rows=10000003 loops=1)',)
('        Buffers: shared hit=11 read=66931',)
('  ->  Memoize  (cost=0.45..0.50 rows=1 width=23) (actual time=0.000..0.000 rows=0 loops=10000003)',)
('        Cache Key: e.salario, e.supervisor_id',)
('        Cache Mode: binary',)
('        Hits: 9999110  Misses: 893  Evictions: 0  Overflows: 0  Memory Usage: 85kB',)
('        Buffers: shared hit=3562 read=10',)
('        ->  Index Scan using unique_emp_id on empregados e1  (cost=0.43..0.49 rows=1 width=23) (actual time=0.002..0.002 rows=0 loops=893)',)
('              Index Cond: (emp_id = e.supervisor_id)',)
('              Filter: (e.salario > salario)',)
('              Rows Removed by Filter: 1',)
('              Buffers: shared hit=3562 read=10',)
('Planning:',)
('  Buffers: shared hit=171 read=35',)
('Planning Time: 4.307 ms',)
('JIT:',)
('  Functions: 12',)
('  Options: Inlining false, Optimization false, Expressions true, Deforming true',)
('  Timing: Generation 0.866 ms, Inlining 0.000 ms, Optimization 1.600 ms, Emission 23.923 ms, Total 26.390 ms',)
('Execution Time: 2286.338 ms',)
