('Finalize GroupAggregate  (cost=130443.21..130451.57 rows=33 width=8) (actual time=676.066..681.446 rows=33 loops=1)',)
('  Group Key: dep_id',)
('  Buffers: shared hit=14 read=66942',)
('  ->  Gather Merge  (cost=130443.21..130450.91 rows=66 width=8) (actual time=676.052..681.425 rows=99 loops=1)',)
('        Workers Planned: 2',)
('        Workers Launched: 2',)
('        Buffers: shared hit=14 read=66942',)
('        ->  Sort  (cost=129443.18..129443.26 rows=33 width=8) (actual time=665.950..665.952 rows=33 loops=3)',)
('              Sort Key: dep_id',)
('              Sort Method: quicksort  Memory: 26kB',)
('              Buffers: shared hit=14 read=66942',)
('              Worker 0:  Sort Method: quicksort  Memory: 26kB',)
('              Worker 1:  Sort Method: quicksort  Memory: 26kB',)
('              ->  Partial HashAggregate  (cost=129442.02..129442.35 rows=33 width=8) (actual time=665.916..665.920 rows=33 loops=3)',)
('                    Group Key: dep_id',)
('                    Batches: 1  Memory Usage: 24kB',)
('                    Buffers: shared read=66942',)
('                    Worker 0:  Batches: 1  Memory Usage: 32kB',)
('                    Worker 1:  Batches: 1  Memory Usage: 32kB',)
('                    ->  Parallel Seq Scan on empregados  (cost=0.00..108608.68 rows=4166668 width=8) (actual time=0.145..394.684 rows=3333334 loops=3)',)
('                          Buffers: shared read=66942',)
('Planning:',)
('  Buffers: shared hit=57 read=21',)
('Planning Time: 3.647 ms',)
('JIT:',)
('  Functions: 24',)
('  Options: Inlining false, Optimization false, Expressions true, Deforming true',)
('  Timing: Generation 1.267 ms, Inlining 0.000 ms, Optimization 1.757 ms, Emission 32.158 ms, Total 35.181 ms',)
('Execution Time: 709.483 ms',)
