('Result  (cost=0.43..477013.89 rows=33 width=15) (actual time=20.017..1053.390 rows=33 loops=1)',)
('  Buffers: shared read=75517',)
('  ->  Unique  (cost=0.43..477013.89 rows=33 width=15) (actual time=0.403..1033.761 rows=33 loops=1)',)
('        Buffers: shared read=75517',)
('        ->  Index Scan using idx_empregados_dep_id_salario on empregados  (cost=0.43..452013.89 rows=10000003 width=15) (actual time=0.402..742.386 rows=10000003 loops=1)',)
('              Buffers: shared read=75517',)
('Planning:',)
('  Buffers: shared hit=66 read=16',)
('Planning Time: 2.473 ms',)
('JIT:',)
('  Functions: 3',)
('  Options: Inlining false, Optimization false, Expressions true, Deforming true',)
('  Timing: Generation 0.807 ms, Inlining 0.000 ms, Optimization 1.330 ms, Emission 18.286 ms, Total 20.423 ms',)
('Execution Time: 1085.129 ms',)
