('Subquery Scan on d  (cost=246565.00..246565.66 rows=33 width=21) (actual time=2757.624..2757.630 rows=34 loops=1)',)
('  Buffers: shared hit=1 read=66942',)
('  ->  HashAggregate  (cost=246565.00..246565.33 rows=33 width=25) (actual time=2757.621..2757.625 rows=34 loops=1)',)
('        Group Key: d_1.dep_id',)
('        Batches: 1  Memory Usage: 24kB',)
('        Buffers: shared hit=1 read=66942',)
('        ->  Hash Right Join  (cost=1.74..196564.99 rows=10000003 width=64) (actual time=27.507..2169.034 rows=10000004 loops=1)',)
('              Hash Cond: (e.dep_id = d_1.dep_id)',)
('              Buffers: shared hit=1 read=66942',)
('              ->  Seq Scan on empregados e  (cost=0.00..166942.03 rows=10000003 width=51) (actual time=0.271..1411.190 rows=10000003 loops=1)',)
('                    Buffers: shared read=66942',)
('              ->  Hash  (cost=1.33..1.33 rows=33 width=17) (actual time=27.214..27.215 rows=34 loops=1)',)
('                    Buckets: 1024  Batches: 1  Memory Usage: 10kB',)
('                    Buffers: shared hit=1',)
('                    ->  Seq Scan on departamentos d_1  (cost=0.00..1.33 rows=33 width=17) (actual time=0.009..0.015 rows=34 loops=1)',)
('                          Buffers: shared hit=1',)
('Planning:',)
('  Buffers: shared hit=124 read=25',)
('Planning Time: 3.918 ms',)
('JIT:',)
('  Functions: 15',)
('  Options: Inlining false, Optimization false, Expressions true, Deforming true',)
('  Timing: Generation 0.765 ms, Inlining 0.000 ms, Optimization 1.460 ms, Emission 25.740 ms, Total 27.965 ms',)
('Execution Time: 2789.389 ms',)
