('HashAggregate  (cost=762525.50..762542.41 rows=1691 width=25) (actual time=4041.226..4041.234 rows=34 loops=1)',)
("  Group Key: d.nome, COALESCE(sum(e.salario) OVER (?), '0'::bigint)",)
('  Batches: 1  Memory Usage: 73kB',)
('  Buffers: shared hit=2 read=75517',)
('  ->  WindowAgg  (cost=0.57..712525.48 rows=10000003 width=25) (actual time=125.569..3349.343 rows=10000004 loops=1)',)
('        Buffers: shared hit=2 read=75517',)
('        ->  Merge Left Join  (cost=0.57..562525.44 rows=10000003 width=21) (actual time=125.557..1751.137 rows=10000004 loops=1)',)
('              Merge Cond: (d.dep_id = e.dep_id)',)
('              Buffers: shared hit=2 read=75517',)
('              ->  Index Scan using pk_departamentos on departamentos d  (cost=0.14..12.63 rows=33 width=17) (actual time=0.006..0.036 rows=34 loops=1)',)
('                    Buffers: shared hit=2',)
('              ->  Index Only Scan using idx_empregados_dep_id_salario on empregados e  (cost=0.43..452013.89 rows=10000003 width=8) (actual time=0.334..1117.110 rows=10000003 loops=1)',)
('                    Heap Fetches: 10000003',)
('                    Buffers: shared read=75517',)
('Planning:',)
('  Buffers: shared hit=134 read=25',)
('Planning Time: 2.801 ms',)
('JIT:',)
('  Functions: 15',)
('  Options: Inlining true, Optimization true, Expressions true, Deforming true',)
('  Timing: Generation 0.835 ms, Inlining 40.730 ms, Optimization 45.511 ms, Emission 38.994 ms, Total 126.069 ms',)
('Execution Time: 4073.051 ms',)
