('WindowAgg  (cost=0.43..602013.93 rows=10000003 width=47) (actual time=163.748..2515.228 rows=10000003 loops=1)',)
('  Buffers: shared read=75517',)
('  ->  Index Scan using idx_empregados_dep_id_salario on empregados e  (cost=0.43..452013.89 rows=10000003 width=15) (actual time=98.600..946.419 rows=10000003 loops=1)',)
('        Buffers: shared read=75517',)
('Planning:',)
('  Buffers: shared hit=62 read=16',)
('Planning Time: 1.768 ms',)
('JIT:',)
('  Functions: 7',)
('  Options: Inlining true, Optimization true, Expressions true, Deforming true',)
('  Timing: Generation 0.695 ms, Inlining 30.645 ms, Optimization 33.445 ms, Emission 34.057 ms, Total 98.843 ms',)
('Execution Time: 2722.571 ms',)
