('Finalize GroupAggregate  (cost=130443.21..130451.57 rows=33 width=8) (actual time=678.382..684.276 rows=33 loops=1)',)
('  Group Key: dep_id',)
('  Buffers: shared hit=14 read=66942',)
('  ->  Gather Merge  (cost=130443.21..130450.91 rows=66 width=8) (actual time=678.375..684.262 rows=99 loops=1)',)
('        Workers Planned: 2',)
('        Workers Launched: 2',)
('        Buffers: shared hit=14 read=66942',)
('        ->  Sort  (cost=129443.18..129443.26 rows=33 width=8) (actual time=668.096..668.097 rows=33 loops=3)',)
('              Sort Key: dep_id',)
('              Sort Method: quicksort  Memory: 26kB',)
('              Buffers: shared hit=14 read=66942',)
('              Worker 0:  Sort Method: quicksort  Memory: 26kB',)
('              Worker 1:  Sort Method: quicksort  Memory: 26kB',)
('              ->  Partial HashAggregate  (cost=129442.02..129442.35 rows=33 width=8) (actual time=668.072..668.075 rows=33 loops=3)',)
('                    Group Key: dep_id',)
('                    Batches: 1  Memory Usage: 24kB',)
('                    Buffers: shared read=66942',)
('                    Worker 0:  Batches: 1  Memory Usage: 32kB',)
('                    Worker 1:  Batches: 1  Memory Usage: 32kB',)
('                    ->  Parallel Seq Scan on empregados  (cost=0.00..108608.68 rows=4166668 width=8) (actual time=0.200..402.437 rows=3333334 loops=3)',)
('                          Buffers: shared read=66942',)
('Planning:',)
('  Buffers: shared hit=57 read=21',)
('Planning Time: 2.350 ms',)
('JIT:',)
('  Functions: 24',)
('  Options: Inlining false, Optimization false, Expressions true, Deforming true',)
('  Timing: Generation 1.222 ms, Inlining 0.000 ms, Optimization 1.681 ms, Emission 36.611 ms, Total 39.514 ms',)
('Execution Time: 711.016 ms',)
