('Subquery Scan on empregadosalariorank  (cost=0.43..752013.98 rows=50000 width=15) (actual time=105.018..2873.702 rows=33 loops=1)',)
('  Filter: (empregadosalariorank.salario_rank = 1)',)
('  Rows Removed by Filter: 9999970',)
('  Buffers: shared read=75517',)
('  ->  WindowAgg  (cost=0.43..627013.94 rows=10000003 width=23) (actual time=105.015..2654.352 rows=10000003 loops=1)',)
('        Buffers: shared read=75517',)
('        ->  Index Scan using idx_empregados_dep_id_salario on empregados  (cost=0.43..452013.89 rows=10000003 width=15) (actual time=104.075..973.034 rows=10000003 loops=1)',)
('              Buffers: shared read=75517',)
('Planning:',)
('  Buffers: shared hit=71 read=16',)
('Planning Time: 2.774 ms',)
('JIT:',)
('  Functions: 8',)
('  Options: Inlining true, Optimization true, Expressions true, Deforming true',)
('  Timing: Generation 0.901 ms, Inlining 36.624 ms, Optimization 31.836 ms, Emission 35.291 ms, Total 104.652 ms',)
('Execution Time: 2911.173 ms',)
