('HashAggregate  (cost=246565.00..246565.42 rows=11 width=17) (actual time=1773.037..1773.040 rows=1 loops=1)',)
('  Group Key: d.dep_id',)
('  Filter: (count(*) < 3)',)
('  Batches: 1  Memory Usage: 24kB',)
('  Rows Removed by Filter: 33',)
('  Buffers: shared hit=1 read=66942',)
('  ->  Hash Right Join  (cost=1.74..196564.99 rows=10000003 width=17) (actual time=22.311..1218.405 rows=10000004 loops=1)',)
('        Hash Cond: (e.dep_id = d.dep_id)',)
('        Buffers: shared hit=1 read=66942',)
('        ->  Seq Scan on empregados e  (cost=0.00..166942.03 rows=10000003 width=4) (actual time=0.182..481.079 rows=10000003 loops=1)',)
('              Buffers: shared read=66942',)
('        ->  Hash  (cost=1.33..1.33 rows=33 width=17) (actual time=22.118..22.118 rows=34 loops=1)',)
('              Buckets: 1024  Batches: 1  Memory Usage: 10kB',)
('              Buffers: shared hit=1',)
('              ->  Seq Scan on departamentos d  (cost=0.00..1.33 rows=33 width=17) (actual time=22.101..22.104 rows=34 loops=1)',)
('                    Buffers: shared hit=1',)
('Planning:',)
('  Buffers: shared hit=110 read=27',)
('Planning Time: 4.770 ms',)
('JIT:',)
('  Functions: 16',)
('  Options: Inlining false, Optimization false, Expressions true, Deforming true',)
('  Timing: Generation 0.603 ms, Inlining 0.000 ms, Optimization 1.406 ms, Emission 20.708 ms, Total 22.718 ms',)
('Execution Time: 1800.955 ms',)
