('Subquery Scan on d  (cost=246565.00..246565.66 rows=33 width=21) (actual time=2671.587..2671.593 rows=34 loops=1)',)
('  Buffers: shared hit=1 read=66942',)
('  ->  HashAggregate  (cost=246565.00..246565.33 rows=33 width=25) (actual time=2671.584..2671.588 rows=34 loops=1)',)
('        Group Key: d_1.dep_id',)
('        Batches: 1  Memory Usage: 24kB',)
('        Buffers: shared hit=1 read=66942',)
('        ->  Hash Right Join  (cost=1.74..196564.99 rows=10000003 width=64) (actual time=28.050..2112.932 rows=10000004 loops=1)',)
('              Hash Cond: (e.dep_id = d_1.dep_id)',)
('              Buffers: shared hit=1 read=66942',)
('              ->  Seq Scan on empregados e  (cost=0.00..166942.03 rows=10000003 width=51) (actual time=0.216..1375.091 rows=10000003 loops=1)',)
('                    Buffers: shared read=66942',)
('              ->  Hash  (cost=1.33..1.33 rows=33 width=17) (actual time=27.815..27.816 rows=34 loops=1)',)
('                    Buckets: 1024  Batches: 1  Memory Usage: 10kB',)
('                    Buffers: shared hit=1',)
('                    ->  Seq Scan on departamentos d_1  (cost=0.00..1.33 rows=33 width=17) (actual time=0.006..0.009 rows=34 loops=1)',)
('                          Buffers: shared hit=1',)
('Planning:',)
('  Buffers: shared hit=121 read=28',)
('Planning Time: 4.283 ms',)
('JIT:',)
('  Functions: 15',)
('  Options: Inlining false, Optimization false, Expressions true, Deforming true',)
('  Timing: Generation 0.772 ms, Inlining 0.000 ms, Optimization 1.460 ms, Emission 26.152 ms, Total 28.384 ms',)
('Execution Time: 2700.044 ms',)
