('Hash Join  (cost=130452.39..325273.21 rows=3333334 width=11) (actual time=663.523..2468.265 rows=4944783 loops=1)',)
('  Hash Cond: (e.dep_id = e_1.dep_id)',)
('  Join Filter: ((e.salario)::numeric > (avg(e_1.salario)))',)
('  Rows Removed by Join Filter: 5055220',)
('  Buffers: shared hit=111 read=133787',)
('  ->  Seq Scan on empregados e  (cost=0.00..166942.03 rows=10000003 width=15) (actual time=0.195..447.594 rows=10000003 loops=1)',)
('        Buffers: shared hit=96 read=66846',)
('  ->  Hash  (cost=130451.98..130451.98 rows=33 width=36) (actual time=663.311..663.358 rows=33 loops=1)',)
('        Buckets: 1024  Batches: 1  Memory Usage: 10kB',)
('        Buffers: shared hit=15 read=66941',)
('        ->  Finalize GroupAggregate  (cost=130443.21..130451.65 rows=33 width=36) (actual time=663.270..663.349 rows=33 loops=1)',)
('              Group Key: e_1.dep_id',)
('              Buffers: shared hit=15 read=66941',)
('              ->  Gather Merge  (cost=130443.21..130450.91 rows=66 width=36) (actual time=663.260..663.320 rows=99 loops=1)',)
('                    Workers Planned: 2',)
('                    Workers Launched: 2',)
('                    Buffers: shared hit=15 read=66941',)
('                    ->  Sort  (cost=129443.18..129443.26 rows=33 width=36) (actual time=654.203..654.204 rows=33 loops=3)',)
('                          Sort Key: e_1.dep_id',)
('                          Sort Method: quicksort  Memory: 27kB',)
('                          Buffers: shared hit=15 read=66941',)
('                          Worker 0:  Sort Method: quicksort  Memory: 27kB',)
('                          Worker 1:  Sort Method: quicksort  Memory: 27kB',)
('                          ->  Partial HashAggregate  (cost=129442.02..129442.35 rows=33 width=36) (actual time=654.178..654.182 rows=33 loops=3)',)
('                                Group Key: e_1.dep_id',)
('                                Batches: 1  Memory Usage: 24kB',)
('                                Buffers: shared hit=1 read=66941',)
('                                Worker 0:  Batches: 1  Memory Usage: 32kB',)
('                                Worker 1:  Batches: 1  Memory Usage: 32kB',)
('                                ->  Parallel Seq Scan on empregados e_1  (cost=0.00..108608.68 rows=4166668 width=8) (actual time=0.147..389.400 rows=3333334 loops=3)',)
('                                      Buffers: shared hit=1 read=66941',)
('Planning:',)
('  Buffers: shared hit=160 read=22',)
('Planning Time: 2.702 ms',)
('JIT:',)
('  Functions: 35',)
('  Options: Inlining false, Optimization false, Expressions true, Deforming true',)
('  Timing: Generation 1.222 ms, Inlining 0.000 ms, Optimization 1.786 ms, Emission 35.319 ms, Total 38.327 ms',)
('Execution Time: 2593.183 ms',)
