('WindowAgg  (cost=0.43..602013.93 rows=10000003 width=47) (actual time=161.681..2454.045 rows=10000003 loops=1)',)
('  Buffers: shared read=75517 written=3',)
('  ->  Index Scan using idx_empregados_dep_id_salario on empregados e  (cost=0.43..452013.89 rows=10000003 width=15) (actual time=97.042..922.061 rows=10000003 loops=1)',)
('        Buffers: shared read=75517 written=3',)
('Planning:',)
('  Buffers: shared hit=64 read=16',)
('Planning Time: 1.794 ms',)
('JIT:',)
('  Functions: 7',)
('  Options: Inlining true, Optimization true, Expressions true, Deforming true',)
('  Timing: Generation 0.706 ms, Inlining 30.323 ms, Optimization 33.176 ms, Emission 33.073 ms, Total 97.277 ms',)
('Execution Time: 2662.196 ms',)
