('Finalize GroupAggregate  (cost=130443.21..130451.57 rows=33 width=8) (actual time=709.606..717.205 rows=33 loops=1)',)
('  Group Key: dep_id',)
('  Buffers: shared hit=14 read=66942',)
('  ->  Gather Merge  (cost=130443.21..130450.91 rows=66 width=8) (actual time=709.596..717.187 rows=99 loops=1)',)
('        Workers Planned: 2',)
('        Workers Launched: 2',)
('        Buffers: shared hit=14 read=66942',)
('        ->  Sort  (cost=129443.18..129443.26 rows=33 width=8) (actual time=699.437..699.439 rows=33 loops=3)',)
('              Sort Key: dep_id',)
('              Sort Method: quicksort  Memory: 26kB',)
('              Buffers: shared hit=14 read=66942',)
('              Worker 0:  Sort Method: quicksort  Memory: 26kB',)
('              Worker 1:  Sort Method: quicksort  Memory: 26kB',)
('              ->  Partial HashAggregate  (cost=129442.02..129442.35 rows=33 width=8) (actual time=699.407..699.411 rows=33 loops=3)',)
('                    Group Key: dep_id',)
('                    Batches: 1  Memory Usage: 24kB',)
('                    Buffers: shared read=66942',)
('                    Worker 0:  Batches: 1  Memory Usage: 32kB',)
('                    Worker 1:  Batches: 1  Memory Usage: 32kB',)
('                    ->  Parallel Seq Scan on empregados  (cost=0.00..108608.68 rows=4166668 width=8) (actual time=0.246..426.716 rows=3333334 loops=3)',)
('                          Buffers: shared read=66942',)
('Planning:',)
('  Buffers: shared hit=43 read=19',)
('Planning Time: 3.553 ms',)
('JIT:',)
('  Functions: 24',)
('  Options: Inlining false, Optimization false, Expressions true, Deforming true',)
('  Timing: Generation 1.258 ms, Inlining 0.000 ms, Optimization 1.819 ms, Emission 31.269 ms, Total 34.346 ms',)
('Execution Time: 744.288 ms',)
