('Subquery Scan on empregadosalariorank  (cost=1329617.23..1654617.33 rows=50000 width=15) (actual time=1561.578..3416.914 rows=33 loops=1)',)
('  Filter: (empregadosalariorank.salario_rank = 1)',)
('  Rows Removed by Filter: 9999970',)
('  Buffers: shared hit=3 read=66942',)
('  ->  WindowAgg  (cost=1329617.23..1529617.29 rows=10000003 width=23) (actual time=1561.575..3195.848 rows=10000003 loops=1)',)
('        Buffers: shared hit=3 read=66942',)
('        ->  Sort  (cost=1329617.23..1354617.24 rows=10000003 width=15) (actual time=1561.170..1780.242 rows=10000003 loops=1)',)
('              Sort Key: empregados.dep_id, empregados.salario DESC',)
('              Sort Method: quicksort  Memory: 959949kB',)
('              Buffers: shared hit=3 read=66942',)
('              ->  Seq Scan on empregados  (cost=0.00..166942.03 rows=10000003 width=15) (actual time=101.701..628.660 rows=10000003 loops=1)',)
('                    Buffers: shared read=66942',)
('Planning:',)
('  Buffers: shared hit=57 read=14',)
('Planning Time: 1.724 ms',)
('JIT:',)
('  Functions: 8',)
('  Options: Inlining true, Optimization true, Expressions true, Deforming true',)
('  Timing: Generation 0.738 ms, Inlining 34.539 ms, Optimization 34.623 ms, Emission 32.327 ms, Total 102.226 ms',)
('Execution Time: 9499.778 ms',)
