('HashAggregate  (cost=246565.00..246565.42 rows=11 width=17) (actual time=1860.072..1860.076 rows=1 loops=1)',)
('  Group Key: d.dep_id',)
('  Filter: (count(*) < 3)',)
('  Batches: 1  Memory Usage: 24kB',)
('  Rows Removed by Filter: 33',)
('  Buffers: shared hit=1 read=66942',)
('  ->  Hash Right Join  (cost=1.74..196564.99 rows=10000003 width=17) (actual time=24.788..1274.813 rows=10000004 loops=1)',)
('        Hash Cond: (e.dep_id = d.dep_id)',)
('        Buffers: shared hit=1 read=66942',)
('        ->  Seq Scan on empregados e  (cost=0.00..166942.03 rows=10000003 width=4) (actual time=0.146..502.816 rows=10000003 loops=1)',)
('              Buffers: shared read=66942',)
('        ->  Hash  (cost=1.33..1.33 rows=33 width=17) (actual time=24.630..24.631 rows=34 loops=1)',)
('              Buckets: 1024  Batches: 1  Memory Usage: 10kB',)
('              Buffers: shared hit=1',)
('              ->  Seq Scan on departamentos d  (cost=0.00..1.33 rows=33 width=17) (actual time=24.607..24.610 rows=34 loops=1)',)
('                    Buffers: shared hit=1',)
('Planning:',)
('  Buffers: shared hit=95 read=26',)
('Planning Time: 5.439 ms',)
('JIT:',)
('  Functions: 16',)
('  Options: Inlining false, Optimization false, Expressions true, Deforming true',)
('  Timing: Generation 0.617 ms, Inlining 0.000 ms, Optimization 1.379 ms, Emission 23.245 ms, Total 25.242 ms',)
('Execution Time: 1889.438 ms',)
