('Nested Loop  (cost=0.45..417105.18 rows=9696611 width=7) (actual time=21.583..2193.127 rows=9696410 loops=1)',)
('  Buffers: shared hit=1329 read=66941',)
('  ->  Seq Scan on empregados e  (cost=0.00..166942.03 rows=10000003 width=15) (actual time=0.136..505.448 rows=10000003 loops=1)',)
('        Buffers: shared hit=11 read=66931',)
('  ->  Memoize  (cost=0.45..0.50 rows=1 width=8) (actual time=0.000..0.000 rows=1 loops=10000003)',)
('        Cache Key: e.dep_id, e.supervisor_id',)
('        Cache Mode: binary',)
('        Hits: 9999671  Misses: 332  Evictions: 0  Overflows: 0  Memory Usage: 36kB',)
('        Buffers: shared hit=1318 read=10',)
('        ->  Index Scan using unique_emp_id on empregados e2  (cost=0.43..0.49 rows=1 width=8) (actual time=0.004..0.004 rows=1 loops=332)',)
('              Index Cond: (emp_id = e.supervisor_id)',)
('              Filter: (e.dep_id <> dep_id)',)
('              Rows Removed by Filter: 0',)
('              Buffers: shared hit=1318 read=10',)
('Planning:',)
('  Buffers: shared hit=145 read=36',)
('Planning Time: 5.396 ms',)
('JIT:',)
('  Functions: 13',)
('  Options: Inlining false, Optimization false, Expressions true, Deforming true',)
('  Timing: Generation 0.550 ms, Inlining 0.000 ms, Optimization 1.347 ms, Emission 19.991 ms, Total 21.889 ms',)
('Execution Time: 2408.496 ms',)
