('HashAggregate  (cost=1584240.26..1584257.17 rows=1691 width=25) (actual time=4888.269..4888.278 rows=34 loops=1)',)
("  Group Key: d.nome, COALESCE(sum(e.salario) OVER (?), '0'::bigint)",)
('  Batches: 1  Memory Usage: 73kB',)
('  Buffers: shared hit=4 read=66942',)
('  ->  WindowAgg  (cost=1359240.19..1534240.25 rows=10000003 width=25) (actual time=2781.380..4214.362 rows=10000004 loops=1)',)
('        Buffers: shared hit=4 read=66942',)
('        ->  Sort  (cost=1359240.19..1384240.20 rows=10000003 width=21) (actual time=2781.348..3002.261 rows=10000004 loops=1)',)
('              Sort Key: d.dep_id',)
('              Sort Method: quicksort  Memory: 1117596kB',)
('              Buffers: shared hit=4 read=66942',)
('              ->  Hash Right Join  (cost=1.74..196564.99 rows=10000003 width=21) (actual time=167.587..1481.620 rows=10000004 loops=1)',)
('                    Hash Cond: (e.dep_id = d.dep_id)',)
('                    Buffers: shared hit=1 read=66942',)
('                    ->  Seq Scan on empregados e  (cost=0.00..166942.03 rows=10000003 width=8) (actual time=0.235..543.792 rows=10000003 loops=1)',)
('                          Buffers: shared read=66942',)
('                    ->  Hash  (cost=1.33..1.33 rows=33 width=17) (actual time=167.328..167.329 rows=34 loops=1)',)
('                          Buckets: 1024  Batches: 1  Memory Usage: 10kB',)
('                          Buffers: shared hit=1',)
('                          ->  Seq Scan on departamentos d  (cost=0.00..1.33 rows=33 width=17) (actual time=167.302..167.307 rows=34 loops=1)',)
('                                Buffers: shared hit=1',)
('Planning:',)
('  Buffers: shared hit=119 read=24',)
('Planning Time: 2.535 ms',)
('JIT:',)
('  Functions: 21',)
('  Options: Inlining true, Optimization true, Expressions true, Deforming true',)
('  Timing: Generation 1.012 ms, Inlining 38.585 ms, Optimization 68.303 ms, Emission 60.456 ms, Total 168.356 ms',)
('Execution Time: 5606.114 ms',)
