('WindowAgg  (cost=1329617.23..1504617.29 rows=10000003 width=47) (actual time=1593.160..3115.148 rows=10000003 loops=1)',)
('  Buffers: shared hit=3 read=66942',)
('  ->  Sort  (cost=1329617.23..1354617.24 rows=10000003 width=15) (actual time=1557.949..1781.560 rows=10000003 loops=1)',)
('        Sort Key: dep_id',)
('        Sort Method: quicksort  Memory: 959949kB',)
('        Buffers: shared hit=3 read=66942',)
('        ->  Seq Scan on empregados e  (cost=0.00..166942.03 rows=10000003 width=15) (actual time=103.320..679.204 rows=10000003 loops=1)',)
('              Buffers: shared read=66942',)
('Planning:',)
('  Buffers: shared hit=48 read=14',)
('Planning Time: 1.909 ms',)
('JIT:',)
('  Functions: 7',)
('  Options: Inlining true, Optimization true, Expressions true, Deforming true',)
('  Timing: Generation 0.758 ms, Inlining 34.275 ms, Optimization 34.949 ms, Emission 33.758 ms, Total 103.740 ms',)
('Execution Time: 4345.886 ms',)
